<!doctype html>
<html lang="en"><head><meta charSet="utf-8"/><meta http-equiv="X-UA-Compatible" content="IE=edge"/><meta name="viewport" content="width=device-width, initial-scale=1"/><title>Mochawesome Report</title><link rel="stylesheet" href="assets\app.css"/></head><body data-raw="{&quot;stats&quot;:{&quot;suites&quot;:1,&quot;tests&quot;:4,&quot;passes&quot;:2,&quot;pending&quot;:0,&quot;failures&quot;:2,&quot;start&quot;:&quot;2021-04-28T20:00:56.163Z&quot;,&quot;end&quot;:&quot;2021-04-28T20:06:10.830Z&quot;,&quot;duration&quot;:314667,&quot;testsRegistered&quot;:6,&quot;passPercent&quot;:33.33333333333333,&quot;pendingPercent&quot;:0,&quot;other&quot;:0,&quot;hasOther&quot;:false,&quot;skipped&quot;:2,&quot;hasSkipped&quot;:true},&quot;results&quot;:[{&quot;uuid&quot;:&quot;395dad49-b0b6-4a0a-9fd7-d0b7cbc7fb19&quot;,&quot;title&quot;:&quot;&quot;,&quot;fullFile&quot;:&quot;cypress/integration/testsuite.spec.js&quot;,&quot;file&quot;:&quot;cypress/integration/testsuite.spec.js&quot;,&quot;beforeHooks&quot;:[],&quot;afterHooks&quot;:[],&quot;tests&quot;:[],&quot;suites&quot;:[{&quot;uuid&quot;:&quot;74b9cf67-0551-4236-aa5c-8dbfde133d6c&quot;,&quot;title&quot;:&quot;Testsuite with PO&quot;,&quot;fullFile&quot;:&quot;&quot;,&quot;file&quot;:&quot;&quot;,&quot;beforeHooks&quot;:[],&quot;afterHooks&quot;:[],&quot;tests&quot;:[{&quot;title&quot;:&quot;Invalid login&quot;,&quot;fullTitle&quot;:&quot;Testsuite with PO Invalid login&quot;,&quot;duration&quot;:76854,&quot;state&quot;:&quot;passed&quot;,&quot;speed&quot;:&quot;slow&quot;,&quot;pass&quot;:true,&quot;fail&quot;:false,&quot;pending&quot;:false,&quot;code&quot;:&quot;dashboardPage.doLogout(\&quot;Login\&quot;); // needs to log out first before doing the invalid login attempt because login is happening in beforeEach\ncy.log(\&quot;Logout performed, header confirmed\&quot;);\nloginPage.doInvalidLogin(\&quot;aaa\&quot;, \&quot;aaa\&quot;);\ncy.log(\&quot;Invalid login performed\&quot;);\nloginPage.confirmTheHeader(\&quot;Login\&quot;);\ncy.log(\&quot;Header Login confirmed\&quot;);\ncy.wait(1000);\ncy.percySnapshot(&#x27;SCREENSHOT_invalid_login&#x27;);&quot;,&quot;err&quot;:{},&quot;uuid&quot;:&quot;2c7a46e4-f864-487a-93ae-db8f31ed50bf&quot;,&quot;parentUUID&quot;:&quot;74b9cf67-0551-4236-aa5c-8dbfde133d6c&quot;,&quot;isHook&quot;:false,&quot;skipped&quot;:false},{&quot;title&quot;:&quot;Valid login and logout&quot;,&quot;fullTitle&quot;:&quot;Testsuite with PO Valid login and logout&quot;,&quot;duration&quot;:69082,&quot;state&quot;:&quot;passed&quot;,&quot;speed&quot;:&quot;slow&quot;,&quot;pass&quot;:true,&quot;fail&quot;:false,&quot;pending&quot;:false,&quot;code&quot;:&quot;dashboardPage.doLogout(\&quot;Login\&quot;); // needs to logout first because login is happening in beforeEach\ncy.log(\&quot;logout performed, header confirmed\&quot;);\nloginPage.doLogin(targets.username, targets.password, \&quot;Tester Hotel Overview\&quot;);\ncy.log(\&quot;Valid login performed, header confirmed\&quot;);\ndashboardPage.doLogout(\&quot;Login\&quot;);\ncy.log(\&quot;Valid logout performed, header confirmed\&quot;);&quot;,&quot;err&quot;:{},&quot;uuid&quot;:&quot;65d70edf-3ee3-4cf4-b870-615c8a81baa5&quot;,&quot;parentUUID&quot;:&quot;74b9cf67-0551-4236-aa5c-8dbfde133d6c&quot;,&quot;isHook&quot;:false,&quot;skipped&quot;:false},{&quot;title&quot;:&quot;Navigate to the 4 main pages and verify&quot;,&quot;fullTitle&quot;:&quot;Testsuite with PO Navigate to the 4 main pages and verify&quot;,&quot;duration&quot;:51782,&quot;state&quot;:&quot;failed&quot;,&quot;pass&quot;:false,&quot;fail&quot;:true,&quot;pending&quot;:false,&quot;code&quot;:&quot;//navigate to Rooms page and then go back to dashboard\ndashboardPage.viewRooms(\&quot;Rooms\&quot;);\ncy.log(\&quot;View rooms button was clicked, content confirmed\&quot;);\nroomsPage.goBackToDashboard(\&quot;Tester Hotel Overview\&quot;);\ncy.log(\&quot;Back button was clicked, content confirmed\&quot;);\ncy.wait(1000);\ncy.percySnapshot(&#x27;SCREENSHOT_navigate_to_rooms_page&#x27;); //navigate to Clients page and then go back to dashboard\ndashboardPage.viewClients(\&quot;Clients\&quot;);\ncy.log(\&quot;View clients button was clicked, content confirmed\&quot;);\nclientsPage.goBackToDashboard(\&quot;Tester Hotel Overview\&quot;);\ncy.log(\&quot;Back button was clicked, content confirmed\&quot;); //navigate to Bills page and then go back to dashboard\ndashboardPage.viewBills(\&quot;Bills\&quot;);\ncy.log(\&quot;View bills button was clicked, content confirmed\&quot;);\nbillsPage.goBackToDashboard(\&quot;Tester Hotel Overview\&quot;);\ncy.log(\&quot;Back button was clicked, content confirmed\&quot;); //navigate to Reservations page and then go back to dashboard\ndashboardPage.viewReservations(\&quot;Reservations\&quot;);\ncy.log(\&quot;View reservations button was clicked, content confirmed\&quot;);\nreservationsPage.goBackToDashboard(\&quot;Tester Hotel Overview\&quot;);\ncy.log(\&quot;Back button was clicked, content confirmed\&quot;);&quot;,&quot;err&quot;:{&quot;message&quot;:&quot;AssertionError: Timed out retrying after 4000ms: Expected to find element: `:nth-child(1) &gt; .btn`, but never found it.&quot;,&quot;estack&quot;:&quot;AssertionError: Timed out retrying after 4000ms: Expected to find element: `:nth-child(1) &gt; .btn`, but never found it.\n    at Object.viewRooms (http://localhost:3000/__cypress/tests?p=cypress\\integration\\testsuite.spec.js:534:6)\n    at Context.eval (http://localhost:3000/__cypress/tests?p=cypress\\integration\\testsuite.spec.js:261:19)&quot;},&quot;uuid&quot;:&quot;729254c5-1c49-445e-b03a-70fd06be0a45&quot;,&quot;parentUUID&quot;:&quot;74b9cf67-0551-4236-aa5c-8dbfde133d6c&quot;,&quot;isHook&quot;:false,&quot;skipped&quot;:false},{&quot;title&quot;:&quot;View, create, delete rooms and verify&quot;,&quot;fullTitle&quot;:&quot;Testsuite with PO View, create, delete rooms and verify&quot;,&quot;duration&quot;:73248,&quot;state&quot;:&quot;failed&quot;,&quot;pass&quot;:false,&quot;fail&quot;:true,&quot;pending&quot;:false,&quot;code&quot;:&quot;dashboardPage.viewRooms(\&quot;Rooms\&quot;);\ncy.log(\&quot;View rooms button was clicked, content confirmed\&quot;);\ncy.wait(1000);\ncy.percySnapshot(&#x27;SCREENSHOT_view_rooms&#x27;);\nroomsPage.viewRoomNew(\&quot;New Room\&quot;);\ncy.log(\&quot;Create Room button was clicked, content confirmed\&quot;);\nroomNewPage.createRoom(\&quot;Single\&quot;, \&quot;1\&quot;, \&quot;1\&quot;, \&quot;100\&quot;, \&quot;Balcony\&quot;, \&quot;Rooms\&quot;); //parameters: category, number, floor, price, features, confirmationContent\ncy.log(\&quot;Save button was clicked, content confirmed\&quot;);\nroomsPage.verifyLastRoom(\&quot;single\&quot;, \&quot;1\&quot;, \&quot;1\&quot;, \&quot;100\&quot;, \&quot;balcony\&quot;);\ncy.log(\&quot;Veryfying last room created\&quot;);\nroomsPage.removeLastRoom();\ncy.log(\&quot;Removed last room from the list\&quot;);\nroomsPage.goBackToDashboard(\&quot;Tester Hotel Overview\&quot;);\ncy.log(\&quot;Back button was clicked, content confirmed\&quot;);&quot;,&quot;err&quot;:{&quot;message&quot;:&quot;CypressError: Timed out after waiting `60000ms` for your remote page to load.\n\nYour page did not fire its `load` event within `60000ms`.\n\nYou can try increasing the `pageLoadTimeout` value in `cypress.json` to wait longer.\n\nBrowsers will not fire the `load` event until all stylesheets and scripts are done downloading.\n\nWhen this `load` event occurs, Cypress will continue running commands.\n\nBecause this error occurred during a `before each` hook we are skipping the remaining tests in the current suite: `Testsuite with PO`&quot;,&quot;estack&quot;:&quot;CypressError: Timed out after waiting `60000ms` for your remote page to load.\n\nYour page did not fire its `load` event within `60000ms`.\n\nYou can try increasing the `pageLoadTimeout` value in `cypress.json` to wait longer.\n\nBrowsers will not fire the `load` event until all stylesheets and scripts are done downloading.\n\nWhen this `load` event occurs, Cypress will continue running commands.\n\nBecause this error occurred during a `before each` hook we are skipping the remaining tests in the current suite: `Testsuite with PO`\n    at timedOutWaitingForPageLoad (http://localhost:3000/__cypress/runner/cypress_runner.js:137236:13)\n    at http://localhost:3000/__cypress/runner/cypress_runner.js:138256:16\n    at tryCatcher (http://localhost:3000/__cypress/runner/cypress_runner.js:10747:23)\n    at http://localhost:3000/__cypress/runner/cypress_runner.js:5869:41\n    at tryCatcher (http://localhost:3000/__cypress/runner/cypress_runner.js:10747:23)\n    at Promise._settlePromiseFromHandler (http://localhost:3000/__cypress/runner/cypress_runner.js:8682:31)\n    at Promise._settlePromise (http://localhost:3000/__cypress/runner/cypress_runner.js:8739:18)\n    at Promise._settlePromise0 (http://localhost:3000/__cypress/runner/cypress_runner.js:8784:10)\n    at Promise._settlePromises (http://localhost:3000/__cypress/runner/cypress_runner.js:8860:18)\n    at _drainQueueStep (http://localhost:3000/__cypress/runner/cypress_runner.js:5454:12)\n    at _drainQueue (http://localhost:3000/__cypress/runner/cypress_runner.js:5447:9)\n    at Async.../../node_modules/bluebird/js/release/async.js.Async._drainQueues (http://localhost:3000/__cypress/runner/cypress_runner.js:5463:5)\n    at Async.drainQueues (http://localhost:3000/__cypress/runner/cypress_runner.js:5333:14)\nFrom Your Spec Code:\n    at Context.eval (http://localhost:3000/__cypress/tests?p=cypress\\integration\\testsuite.spec.js:228:8)&quot;},&quot;uuid&quot;:&quot;3a6d4ad0-2c3f-44cc-8482-57a1f0d732a9&quot;,&quot;parentUUID&quot;:&quot;74b9cf67-0551-4236-aa5c-8dbfde133d6c&quot;,&quot;isHook&quot;:false,&quot;skipped&quot;:false},{&quot;title&quot;:&quot;View, create, delete clients and verify&quot;,&quot;fullTitle&quot;:&quot;Testsuite with PO View, create, delete clients and verify&quot;,&quot;duration&quot;:0,&quot;state&quot;:&quot;skipped&quot;,&quot;pass&quot;:false,&quot;fail&quot;:false,&quot;pending&quot;:false,&quot;code&quot;:&quot;dashboardPage.viewClients(\&quot;Clients\&quot;);\ncy.log(\&quot;View clients button was clicked, content confirmed\&quot;);\nclientsPage.viewClientNew(\&quot;New Client\&quot;);\ncy.log(\&quot;Create Client button was clicked, content confirmed\&quot;);\nclientNewPage.createClient(\&quot;tester123\&quot;, \&quot;tester123@mail.com\&quot;, \&quot;0700000000\&quot;, \&quot;Clients\&quot;);\ncy.log(\&quot;Save button was clicked, content confirmed\&quot;);\nclientsPage.verifyLastClient(\&quot;tester123\&quot;, \&quot;tester123@mail.com\&quot;, \&quot;0700000000\&quot;);\ncy.log(\&quot;Veryfying last client created\&quot;);\nclientsPage.removeLastClient();\ncy.log(\&quot;Removed last client from the list\&quot;);\nclientsPage.goBackToDashboard(\&quot;Tester Hotel Overview\&quot;);\ncy.log(\&quot;Back button was clicked, content confirmed\&quot;);&quot;,&quot;err&quot;:{},&quot;uuid&quot;:&quot;7f96be37-ab32-4c08-a6f8-64844a890fef&quot;,&quot;parentUUID&quot;:&quot;74b9cf67-0551-4236-aa5c-8dbfde133d6c&quot;,&quot;isHook&quot;:false,&quot;skipped&quot;:true},{&quot;title&quot;:&quot;View, create, delete bills and verify&quot;,&quot;fullTitle&quot;:&quot;Testsuite with PO View, create, delete bills and verify&quot;,&quot;duration&quot;:0,&quot;state&quot;:&quot;skipped&quot;,&quot;pass&quot;:false,&quot;fail&quot;:false,&quot;pending&quot;:false,&quot;code&quot;:&quot;dashboardPage.viewBills(\&quot;Bills\&quot;);\ncy.log(\&quot;View bills button was clicked, content confirmed\&quot;);\nbillsPage.viewBillNew(\&quot;New Bill\&quot;);\ncy.log(\&quot;Create Bill button was clicked, content confirmed\&quot;);\nbillNewPage.createBill(\&quot;100\&quot;, \&quot;Bills\&quot;);\ncy.log(\&quot;Save button was clicked, content confirmed\&quot;);\nbillsPage.verifyLastBill(\&quot;100\&quot;);\ncy.log(\&quot;Veryfying last bill created\&quot;);\nbillsPage.removeLastBill();\ncy.log(\&quot;Removed last bill from the list\&quot;);\nbillsPage.goBackToDashboard(\&quot;Tester Hotel Overview\&quot;);\ncy.log(\&quot;Back button was clicked, content confirmed\&quot;);&quot;,&quot;err&quot;:{},&quot;uuid&quot;:&quot;c3c99fa0-7f71-4159-a288-4175492262c7&quot;,&quot;parentUUID&quot;:&quot;74b9cf67-0551-4236-aa5c-8dbfde133d6c&quot;,&quot;isHook&quot;:false,&quot;skipped&quot;:true}],&quot;suites&quot;:[],&quot;passes&quot;:[&quot;2c7a46e4-f864-487a-93ae-db8f31ed50bf&quot;,&quot;65d70edf-3ee3-4cf4-b870-615c8a81baa5&quot;],&quot;failures&quot;:[&quot;729254c5-1c49-445e-b03a-70fd06be0a45&quot;,&quot;3a6d4ad0-2c3f-44cc-8482-57a1f0d732a9&quot;],&quot;pending&quot;:[],&quot;skipped&quot;:[&quot;7f96be37-ab32-4c08-a6f8-64844a890fef&quot;,&quot;c3c99fa0-7f71-4159-a288-4175492262c7&quot;],&quot;duration&quot;:270966,&quot;root&quot;:false,&quot;rootEmpty&quot;:false,&quot;_timeout&quot;:2000}],&quot;passes&quot;:[],&quot;failures&quot;:[],&quot;pending&quot;:[],&quot;skipped&quot;:[],&quot;duration&quot;:0,&quot;root&quot;:true,&quot;rootEmpty&quot;:true,&quot;_timeout&quot;:2000}],&quot;meta&quot;:{&quot;mocha&quot;:{&quot;version&quot;:&quot;7.0.1&quot;},&quot;mochawesome&quot;:{&quot;options&quot;:{&quot;quiet&quot;:false,&quot;reportFilename&quot;:&quot;mochawesome&quot;,&quot;saveHtml&quot;:true,&quot;saveJson&quot;:true,&quot;consoleReporter&quot;:&quot;spec&quot;,&quot;useInlineDiffs&quot;:false,&quot;code&quot;:true},&quot;version&quot;:&quot;6.2.2&quot;},&quot;marge&quot;:{&quot;options&quot;:{&quot;reportDir&quot;:&quot;cypress/report/mochawesome-report&quot;,&quot;overwrite&quot;:false,&quot;html&quot;:true,&quot;json&quot;:true,&quot;timestamp&quot;:&quot;mmddyyyy_HHMMss&quot;},&quot;version&quot;:&quot;5.2.0&quot;}}}" data-config="{&quot;reportFilename&quot;:&quot;mochawesome&quot;,&quot;reportDir&quot;:&quot;cypress/report/mochawesome-report&quot;,&quot;reportTitle&quot;:&quot;frontend-tests&quot;,&quot;reportPageTitle&quot;:&quot;Mochawesome Report&quot;,&quot;inline&quot;:false,&quot;inlineAssets&quot;:false,&quot;cdn&quot;:false,&quot;charts&quot;:false,&quot;enableCharts&quot;:false,&quot;code&quot;:true,&quot;enableCode&quot;:true,&quot;autoOpen&quot;:false,&quot;overwrite&quot;:false,&quot;timestamp&quot;:&quot;mmddyyyy_HHMMss&quot;,&quot;ts&quot;:&quot;mmddyyyy_HHMMss&quot;,&quot;showPassed&quot;:true,&quot;showFailed&quot;:true,&quot;showPending&quot;:true,&quot;showSkipped&quot;:false,&quot;showHooks&quot;:&quot;failed&quot;,&quot;saveJson&quot;:true,&quot;saveHtml&quot;:true,&quot;dev&quot;:false,&quot;assetsDir&quot;:&quot;cypress\\report\\mochawesome-report\\assets&quot;,&quot;jsonFile&quot;:&quot;C:\\Users\\User\\Desktop\\Mjukvarutest\\Testautomation\\Assignment002\\testautomation-02-dimitrisnasis\\frontend-tests\\cypress\\report\\mochawesome-report\\mochawesome_04282021_220610.json&quot;,&quot;htmlFile&quot;:&quot;C:\\Users\\User\\Desktop\\Mjukvarutest\\Testautomation\\Assignment002\\testautomation-02-dimitrisnasis\\frontend-tests\\cypress\\report\\mochawesome-report\\mochawesome_04282021_220610.html&quot;}"><div id="report"></div><script src="assets\app.js"></script></body></html>